<bug>
          <bug_id>1731</bug_id>
          
          <creation_ts>2008-12-17 11:26:00 +0100</creation_ts>
          <short_desc>data.singleValue.Array test fails in Chrome</short_desc>
          <delta_ts>2014-03-03 15:25:41 +0100</delta_ts>
          <reporter_accessible>1</reporter_accessible>
          <cclist_accessible>1</cclist_accessible>
          <classification_id>1</classification_id>
          <classification>Unclassified</classification>
          <product>framework</product>
          <component>app.testrunner</component>
          <version>0.8.1</version>
          <rep_platform>Chrome</rep_platform>
          <op_sys>Windows</op_sys>
          <bug_status>CLOSED</bug_status>
          <resolution>FIXED</resolution>
          
          
          
          
          
          <priority>P4</priority>
          <bug_severity>minor</bug_severity>
          <target_milestone>0.8.2</target_milestone>
          
          
          
          <everconfirmed>1</everconfirmed>
          <reporter name="Daniel Wagner">daniel.wagner</reporter>
          <assigned_to name="Martin Wittemann">martin.wittemann</assigned_to>
          
          <qa_contact name="qooxdoo bugs mailing list">qooxdoo-bugs</qa_contact>
          <cf_browser>Chrome</cf_browser>
          

      

      

      

          <long_desc isprivate="0">
            <commentid>6969</commentid>
            <who name="Daniel Wagner">daniel.wagner</who>
            <bug_when>2008-12-17 11:26:41 +0100</bug_when>
            <thetext>qx.test.data.singlevalue.Array:testWrongInput
Error message is: 
1.5 not an array value.: The raised exception does not have the expected type! function Error() { [native code] }
Stack trace:
qx.core.AssertionError:constructor
qx.core.AssertionError:constructor wrapper
function (condition,comment,msg)
function (callback,exception,re,msg)
qx.core.MAssert:assertException
qx.test.data.singlevalue.Array:testWrongInput
function ()
qx.dev.unit.TestResult:run
qx.dev.unit.TestFunction:run
qx.dev.unit.TestLoader:runTests
function runtest()
function (e)
undefined:constructor
function wrappedFunction()
function (target,event)
function (target,type,clazz,args)
qx.core.Object:fireEvent
qx.event.Timer:_oninterval
function (event)</thetext>
          </long_desc>
          <long_desc isprivate="0">
            <commentid>6972</commentid>
            <who name="Daniel Wagner">daniel.wagner</who>
            <bug_when>2008-12-17 11:30:26 +0100</bug_when>
            <thetext>Test only fails in build version.</thetext>
          </long_desc>
          <long_desc isprivate="0">
            <commentid>7021</commentid>
            <who name="Daniel Wagner">daniel.wagner</who>
            <bug_when>2008-12-17 12:12:18 +0100</bug_when>
            <thetext>To Martin</thetext>
          </long_desc>
          <long_desc isprivate="0">
            <commentid>7063</commentid>
            <who name="Martin Wittemann">martin.wittemann</who>
            <bug_when>2008-12-17 14:29:02 +0100</bug_when>
            <thetext>Some kind of strange chrom behavior. The thrown error is not an instance of 
Error!!!</thetext>
          </long_desc>
          <long_desc isprivate="0">
            <commentid>8229</commentid>
            <who name="Martin Wittemann">martin.wittemann</who>
            <bug_when>2009-03-03 17:14:54 +0100</bug_when>
            <thetext>assigned.</thetext>
          </long_desc>
          <long_desc isprivate="0">
            <commentid>38838</commentid>
            <who name="Martin Wittemann">martin.wittemann</who>
            <bug_when>2014-03-03 15:25:41 +0100</bug_when>
            <thetext>Closed all bugs already shipped with a release.</thetext>
          </long_desc>
      
      

    </bug>