<bug>
          <bug_id>1737</bug_id>
          
          <creation_ts>2008-12-17 11:33:00 +0100</creation_ts>
          <short_desc>lang.Function:testFunctionWrap fails in Chrome</short_desc>
          <delta_ts>2014-03-03 15:26:12 +0100</delta_ts>
          <reporter_accessible>1</reporter_accessible>
          <cclist_accessible>1</cclist_accessible>
          <classification_id>1</classification_id>
          <classification>Unclassified</classification>
          <product>framework</product>
          <component>app.testrunner</component>
          <version>master</version>
          <rep_platform>Chrome</rep_platform>
          <op_sys>Windows</op_sys>
          <bug_status>CLOSED</bug_status>
          <resolution>FIXED</resolution>
          
          
          
          
          
          <priority>P3</priority>
          <bug_severity>normal</bug_severity>
          <target_milestone>1.0-beta1</target_milestone>
          <dependson>2274</dependson>
          
          
          <everconfirmed>1</everconfirmed>
          <reporter name="Daniel Wagner">daniel.wagner</reporter>
          <assigned_to name="Daniel Wagner">daniel.wagner</assigned_to>
          
          <qa_contact name="qooxdoo bugs mailing list">qooxdoo-bugs</qa_contact>
          <cf_browser>Chrome</cf_browser>
          

      

      

      

          <long_desc isprivate="0">
            <commentid>6977</commentid>
            <who name="Daniel Wagner">daniel.wagner</who>
            <bug_when>2008-12-17 11:33:30 +0100</bug_when>
            <thetext>This test fails in both the source and build tests.

qx.test.lang.Function:testFunctionWrap
Error message is: 
This test fails if you use the WebKit nightly or the bug is fixed in Safari 3.: Expected &#39;[object global]&#39; to be not equal with &#39;[object global]&#39;!
Stack trace:
qx.core.AssertionError:constructor
qx.core.AssertionError:constructor wrapper
function (condition, comment, msg)
function (expected, found, msg)
qx.core.MAssert:assertNotEquals
qx.test.lang.Function:testFunctionWrap
function ()
qx.dev.unit.TestResult:run
qx.dev.unit.TestFunction:run
qx.dev.unit.TestLoader:runTests
function runtest()
function (e)
undefined:constructor
function wrappedFunction()
function (target,event)
function (target,type,clazz,args)
qx.core.Object:fireEvent
qx.event.Timer:_oninterval
function (event)</thetext>
          </long_desc>
          <long_desc isprivate="0">
            <commentid>7022</commentid>
            <who name="Daniel Wagner">daniel.wagner</who>
            <bug_when>2008-12-17 12:12:53 +0100</bug_when>
            <thetext>To Christian.</thetext>
          </long_desc>
          <long_desc isprivate="0">
            <commentid>7071</commentid>
            <who name="Christian Hagendorn">christian.hagendorn</who>
            <bug_when>2008-12-17 15:12:54 +0100</bug_when>
            <thetext>Accepted.</thetext>
          </long_desc>
          <long_desc isprivate="0">
            <commentid>7077</commentid>
            <who name="Christian Hagendorn">christian.hagendorn</who>
            <bug_when>2008-12-17 15:43:42 +0100</bug_when>
            <thetext>At the moment, it is not possible to detect that the browser is the Chrome browser.

To fix the issue the client detection must be improved. </thetext>
          </long_desc>
          <long_desc isprivate="0">
            <commentid>8085</commentid>
            <who name="Christian Hagendorn">christian.hagendorn</who>
            <bug_when>2009-02-26 12:59:15 +0100</bug_when>
            <thetext>Improved the error message for chrome in trunk (r18162).</thetext>
          </long_desc>
          <long_desc isprivate="0">
            <commentid>9129</commentid>
            <who name="Daniel Wagner">daniel.wagner</who>
            <bug_when>2009-04-03 14:40:17 +0200</bug_when>
            <thetext>Changed the test so it only fails if the issue is resolved in a future update for Safari 3.</thetext>
          </long_desc>
          <long_desc isprivate="0">
            <commentid>9230</commentid>
            <who name="Fabian Jakobs">fabian.jakobs</who>
            <bug_when>2009-04-09 10:40:23 +0200</bug_when>
            <thetext>Daniel, can this bug be closed?</thetext>
          </long_desc>
          <long_desc isprivate="0">
            <commentid>9282</commentid>
            <who name="Christian Hagendorn">christian.hagendorn</who>
            <bug_when>2009-04-15 10:30:18 +0200</bug_when>
            <thetext>Daniel fixed the test with a workaround (he parse the user agent directly). So while we have no browser detection for Chrome, I would rather leave the bug report as opened.</thetext>
          </long_desc>
          <long_desc isprivate="0">
            <commentid>11507</commentid>
            <who name="Christian Hagendorn">christian.hagendorn</who>
            <bug_when>2009-08-25 10:44:09 +0200</bug_when>
            <thetext>-&gt; NEW</thetext>
          </long_desc>
          <long_desc isprivate="0">
            <commentid>11779</commentid>
            <who name="Christian Hagendorn">christian.hagendorn</who>
            <bug_when>2009-09-01 16:54:07 +0200</bug_when>
            <thetext>-&gt; 0.9</thetext>
          </long_desc>
          <long_desc isprivate="0">
            <commentid>12827</commentid>
            <who name="Christian Hagendorn">christian.hagendorn</who>
            <bug_when>2009-10-02 15:18:00 +0200</bug_when>
            <thetext>to Daniel.</thetext>
          </long_desc>
          <long_desc isprivate="0">
            <commentid>12915</commentid>
            <who name="Andreas Ecker">qooxdoo</who>
            <bug_when>2009-10-07 13:16:24 +0200</bug_when>
            <thetext>Daniel, is the test still failing for the latest Chrome 3+ versions (due to auto-updates it became rather impossible to test for Chrome 2 anyway)?</thetext>
          </long_desc>
          <long_desc isprivate="0">
            <commentid>12929</commentid>
            <who name="Daniel Wagner">daniel.wagner</who>
            <bug_when>2009-10-07 14:39:10 +0200</bug_when>
            <thetext>No, in fact the Chrome-specific code was removed from the test a while ago. I believe the issue was fixed with Chrome 2 already. Safari 3 still has this issue and the test contains a workaround for it, so Chris and I decided to leave this report open as a reminder to switch to the new browser detection once it&#39;s implemented.</thetext>
          </long_desc>
          <long_desc isprivate="0">
            <commentid>14409</commentid>
            <who name="Daniel Wagner">daniel.wagner</who>
            <bug_when>2009-11-24 14:36:27 +0100</bug_when>
            <thetext>Changed to use the new browser detection in r20763.</thetext>
          </long_desc>
          <long_desc isprivate="0">
            <commentid>14440</commentid>
            <who name="Andreas Ecker">qooxdoo</who>
            <bug_when>2009-11-24 20:14:34 +0100</bug_when>
            <thetext>mass renaming of 0.9 target to 1.0-beta1</thetext>
          </long_desc>
          <long_desc isprivate="0">
            <commentid>39028</commentid>
            <who name="Martin Wittemann">martin.wittemann</who>
            <bug_when>2014-03-03 15:26:12 +0100</bug_when>
            <thetext>Closed all bugs already shipped with a release.</thetext>
          </long_desc>
      
      

    </bug>