<bug>
          <bug_id>1749</bug_id>
          
          <creation_ts>2008-12-17 11:40:00 +0100</creation_ts>
          <short_desc>lang.Function:testFunctionWrap fails in Chrome</short_desc>
          <delta_ts>2012-05-16 09:31:49 +0200</delta_ts>
          <reporter_accessible>1</reporter_accessible>
          <cclist_accessible>1</cclist_accessible>
          <classification_id>1</classification_id>
          <classification>Unclassified</classification>
          <product>framework</product>
          <component>app.testrunner</component>
          <version>0.8.1</version>
          <rep_platform>Chrome</rep_platform>
          <op_sys>Windows</op_sys>
          <bug_status>RESOLVED</bug_status>
          <resolution>DUPLICATE</resolution>
          <dup_id>1743</dup_id>
          
          
          
          
          <priority>P3</priority>
          <bug_severity>normal</bug_severity>
          <target_milestone>unspecified</target_milestone>
          
          
          
          <everconfirmed>1</everconfirmed>
          <reporter name="Daniel Wagner">daniel.wagner</reporter>
          <assigned_to name="Unassigned">none</assigned_to>
          
          <qa_contact name="qooxdoo bugs mailing list">qooxdoo-bugs</qa_contact>
          <cf_browser>Chrome</cf_browser>
          

      

      

      

          <long_desc isprivate="0">
            <commentid>6989</commentid>
            <who name="Daniel Wagner">daniel.wagner</who>
            <bug_when>2008-12-17 11:40:11 +0100</bug_when>
            <thetext>This test only fails in the build version.

qx.test.lang.Function:testFunctionWrap
Error message is: 
This test fails if you use the WebKit nightly or the bug is fixed in Safari 3.: Expected &#39;[object global]&#39; to be not equal with &#39;[object global]&#39;!
Stack trace:
qx.core.AssertionError:constructor
qx.core.AssertionError:constructor wrapper
function (condition,comment,msg)
function (expected,found,msg)
qx.core.MAssert:assertNotEquals
qx.test.lang.Function:testFunctionWrap
function ()
qx.dev.unit.TestResult:run
qx.dev.unit.TestFunction:run
qx.dev.unit.TestLoader:runTests
function runtest()
function (e)
undefined:constructor
function wrappedFunction()
function (target,event)
function (target,type,clazz,args)
qx.core.Object:fireEvent
qx.event.Timer:_oninterval
function (event)</thetext>
          </long_desc>
          <long_desc isprivate="0">
            <commentid>7008</commentid>
            <who name="Daniel Wagner">daniel.wagner</who>
            <bug_when>2008-12-17 11:58:08 +0100</bug_when>
            <thetext>

*** This bug has been marked as a duplicate of bug 1743 ***</thetext>
          </long_desc>
      
      

    </bug>