<bug>
          <bug_id>6284</bug_id>
          
          <creation_ts>2012-04-04 12:01:00 +0200</creation_ts>
          <short_desc>Unit Test &quot;qx.test.dev.StackTrace:testFilenameConverterDefault&quot; fails with Opera 11.62</short_desc>
          <delta_ts>2014-03-03 15:18:50 +0100</delta_ts>
          <reporter_accessible>1</reporter_accessible>
          <cclist_accessible>1</cclist_accessible>
          <classification_id>1</classification_id>
          <classification>Unclassified</classification>
          <product>framework</product>
          <component>core.dev.util</component>
          <version>master</version>
          <rep_platform>Opera</rep_platform>
          <op_sys>Windows</op_sys>
          <bug_status>CLOSED</bug_status>
          <resolution>FIXED</resolution>
          
          
          
          
          
          <priority>P3</priority>
          <bug_severity>normal</bug_severity>
          <target_milestone>2.0.2</target_milestone>
          
          
          
          <everconfirmed>1</everconfirmed>
          <reporter name="Christian Hagendorn">christian.hagendorn</reporter>
          <assigned_to name="Daniel Wagner">daniel.wagner</assigned_to>
          
          <qa_contact name="Daniel Wagner">daniel.wagner</qa_contact>
          <cf_browser>Opera</cf_browser>
          

      

      

      

          <long_desc isprivate="0">
            <commentid>29056</commentid>
            <who name="Christian Hagendorn">christian.hagendorn</who>
            <bug_when>2012-04-04 12:01:42 +0200</bug_when>
            <thetext>qx.test.dev.StackTrace:testFilenameConverterDefault
Error message is: 
: The String &#39;http://localhost:13307:71&#39; does not match the regular expression &#39;/((?:test\.dev\.StackTrace)|(?:dev\.unit)|(?:testrunner\.js)|(?:tests\.js))/&#39;!
Stack trace: 
qx.core.AssertionError.constructor://localhost:1441
qx.core.Assert.__bN://localhost:1255
qx.core.Assert.assertMatch://localhost:1280
qx.dev.unit.TestCase.assertMatch://localhost:2089
anonymous()
qx.test.dev.StackTrace.testFilenameConverterDefault://localhost:2045
anonymous()
qx.dev.unit.TestResult.run://localhost:2045
qx.dev.unit.TestFunction.prototype.run()
qx.dev.unit.TestLoader.prototype.runTests()
anonymous()
Error message is: 
: The String &#39;http://localhost:2045:457&#39; does not match the regular expression &#39;/((?:test\.dev\.StackTrace)|(?:dev\.unit)|(?:testrunner\.js)|(?:tests\.js))/&#39;!
Stack trace: 
qx.core.AssertionError.constructor://localhost:1441
qx.core.Assert.__bN://localhost:1255
qx.core.Assert.assertMatch://localhost:1280
qx.dev.unit.TestCase.assertMatch://localhost:2089
anonymous()
qx.test.dev.StackTrace.testFilenameConverterDefault://localhost:2045
anonymous()
qx.dev.unit.TestResult.run://localhost:2045
qx.dev.unit.TestFunction.prototype.run()
qx.dev.unit.TestLoader.prototype.runTests()
anonymous()
Error message is: 
: The String &#39;http://localhost:2163:5&#39; does not match the regular expression &#39;/((?:test\.dev\.StackTrace)|(?:dev\.unit)|(?:testrunner\.js)|(?:tests\.js))/&#39;!
Stack trace: 
qx.core.AssertionError.constructor://localhost:1441
qx.core.Assert.__bN://localhost:1255
qx.core.Assert.assertMatch://localhost:1280
qx.dev.unit.TestCase.assertMatch://localhost:2089
anonymous()
qx.test.dev.StackTrace.testFilenameConverterDefault://localhost:2045
anonymous()
qx.dev.unit.TestResult.run://localhost:2045
qx.dev.unit.TestFunction.prototype.run()
qx.dev.unit.TestLoader.prototype.runTests()
anonymous()
Error message is: 
: The String &#39;http://localhost:2045:314&#39; does not match the regular expression &#39;/((?:test\.dev\.StackTrace)|(?:dev\.unit)|(?:testrunner\.js)|(?:tests\.js))/&#39;!
Stack trace: 
qx.core.AssertionError.constructor://localhost:1441
qx.core.Assert.__bN://localhost:1255
qx.core.Assert.assertMatch://localhost:1280
qx.dev.unit.TestCase.assertMatch://localhost:2089
anonymous()
qx.test.dev.StackTrace.testFilenameConverterDefault://localhost:2045
anonymous()
qx.dev.unit.TestResult.run://localhost:2045
qx.dev.unit.TestFunction.prototype.run()
qx.dev.unit.TestLoader.prototype.runTests()
anonymous()
Error message is: 
: The String &#39;http://localhost:2020:1&#39; does not match the regular expression &#39;/((?:test\.dev\.StackTrace)|(?:dev\.unit)|(?:testrunner\.js)|(?:tests\.js))/&#39;!
Stack trace: 
qx.core.AssertionError.constructor://localhost:1441
qx.core.Assert.__bN://localhost:1255
qx.core.Assert.assertMatch://localhost:1280
qx.dev.unit.TestCase.assertMatch://localhost:2089
anonymous()
qx.test.dev.StackTrace.testFilenameConverterDefault://localhost:2045
anonymous()
qx.dev.unit.TestResult.run://localhost:2045
qx.dev.unit.TestFunction.prototype.run()
qx.dev.unit.TestLoader.prototype.runTests()
anonymous()
Error message is: 
: The String &#39;http://localhost:6828:423&#39; does not match the regular expression &#39;/((?:test\.dev\.StackTrace)|(?:dev\.unit)|(?:testrunner\.js)|(?:tests\.js))/&#39;!
Stack trace: 
qx.core.AssertionError.constructor://localhost:1441
qx.core.Assert.__bN://localhost:1255
qx.core.Assert.assertMatch://localhost:1280
qx.dev.unit.TestCase.assertMatch://localhost:2089
anonymous()
qx.test.dev.StackTrace.testFilenameConverterDefault://localhost:2045
anonymous()
qx.dev.unit.TestResult.run://localhost:2045
qx.dev.unit.TestFunction.prototype.run()
qx.dev.unit.TestLoader.prototype.runTests()
anonymous()</thetext>
          </long_desc>
          <long_desc isprivate="0">
            <commentid>30151</commentid>
            <who name="Daniel Wagner">daniel.wagner</who>
            <bug_when>2012-07-16 17:04:49 +0200</bug_when>
            <thetext>Fixed with 63ded3fb (master) and 8c845616 (branch_2_0_x).</thetext>
          </long_desc>
          <long_desc isprivate="0">
            <commentid>36235</commentid>
            <who name="Martin Wittemann">martin.wittemann</who>
            <bug_when>2014-03-03 15:18:50 +0100</bug_when>
            <thetext>Closed all bugs already shipped with a release.</thetext>
          </long_desc>
      
      

    </bug>